2025-10-13 17:50:55 | INFO     | __main__:main:23 - Запуск LeadBot...
2025-10-13 17:50:55 | INFO     | __main__:main:24 - Название: ОСНОВА P U T И - LeadBot
2025-10-13 17:50:55 | INFO     | __main__:main:25 - Режим отладки: False
2025-10-13 17:50:56 | INFO     | app.core.database:init_database:86 - База данных успешно инициализирована
2025-10-13 17:50:56 | INFO     | __main__:main:29 - База данных инициализирована
2025-10-13 17:50:58 | INFO     | app.bot.bot:_setup_handlers:35 - Обработчики команд настроены
2025-10-13 17:50:59 | INFO     | __main__:main:38 - Бот запущен: @OsnovaPuti_Lead_bot
2025-10-13 17:50:59 | INFO     | app.core.database:init_database:86 - База данных успешно инициализирована
2025-10-13 17:50:59 | INFO     | app.bot.bot:start:42 - База данных инициализирована
2025-10-13 17:50:59 | INFO     | app.services.scheduler_service:start:41 - Планировщик задач запущен
2025-10-13 17:50:59 | INFO     | app.bot.bot:start:47 - Планировщик задач запущен
2025-10-13 17:50:59 | INFO     | app.bot.bot:start:50 - Запуск Telegram бота...
2025-10-13 17:50:59 | INFO     | app.bot.bot:start:55 - Telegram бот успешно запущен
2025-10-13 17:51:04 | INFO     | app.services.warmup_service:get_users_ready_for_next_message:179 - Найдено 0 пользователей готовых для следующего сообщения прогрева
2025-10-13 17:51:04 | INFO     | app.services.followup_service:get_users_for_followup:71 - Найдено 0 пользователей для дожима
2025-10-13 17:51:04 | INFO     | app.services.followup_service:send_followup_to_all_users:166 - Отправлено 0 дожимов из 0
2025-10-13 17:51:07 | INFO     | app.bot.handlers.admin_simple:admin_command_handler:57 - Админ-панель открыта пользователем 1670311707
2025-10-13 17:51:11 | INFO     | app.services.warmup_service:get_all_scenarios:367 - Получено 2 сценариев прогрева
2025-10-13 17:51:11 | INFO     | app.services.warmup_service:get_active_warmup_users:405 - Получено 0 валидных активных прогрева
2025-10-13 17:52:04 | INFO     | app.services.warmup_service:get_users_ready_for_next_message:179 - Найдено 0 пользователей готовых для следующего сообщения прогрева
2025-10-13 17:52:04 | INFO     | app.services.followup_service:get_users_for_followup:71 - Найдено 0 пользователей для дожима
2025-10-13 17:52:04 | INFO     | app.services.followup_service:send_followup_to_all_users:166 - Отправлено 0 дожимов из 0
2025-10-13 17:53:04 | INFO     | app.services.warmup_service:get_users_ready_for_next_message:179 - Найдено 0 пользователей готовых для следующего сообщения прогрева
2025-10-13 17:53:04 | INFO     | app.services.followup_service:get_users_for_followup:71 - Найдено 0 пользователей для дожима
2025-10-13 17:53:04 | INFO     | app.services.followup_service:send_followup_to_all_users:166 - Отправлено 0 дожимов из 0
2025-10-13 17:54:04 | INFO     | app.services.warmup_service:get_users_ready_for_next_message:179 - Найдено 0 пользователей готовых для следующего сообщения прогрева
2025-10-13 17:54:04 | INFO     | app.services.followup_service:get_users_for_followup:71 - Найдено 0 пользователей для дожима
2025-10-13 17:54:04 | INFO     | app.services.followup_service:send_followup_to_all_users:166 - Отправлено 0 дожимов из 0
2025-10-13 17:55:04 | INFO     | app.services.warmup_service:get_users_ready_for_next_message:179 - Найдено 0 пользователей готовых для следующего сообщения прогрева
2025-10-13 17:55:04 | INFO     | app.services.followup_service:get_users_for_followup:71 - Найдено 0 пользователей для дожима
2025-10-13 17:55:04 | INFO     | app.services.followup_service:send_followup_to_all_users:166 - Отправлено 0 дожимов из 0
2025-10-13 17:56:04 | INFO     | app.services.warmup_service:get_users_ready_for_next_message:179 - Найдено 0 пользователей готовых для следующего сообщения прогрева
2025-10-13 17:56:04 | INFO     | app.services.followup_service:get_users_for_followup:71 - Найдено 0 пользователей для дожима
2025-10-13 17:56:04 | INFO     | app.services.followup_service:send_followup_to_all_users:166 - Отправлено 0 дожимов из 0
2025-10-13 17:57:04 | INFO     | app.services.warmup_service:get_users_ready_for_next_message:179 - Найдено 0 пользователей готовых для следующего сообщения прогрева
2025-10-13 17:57:04 | INFO     | app.services.followup_service:get_users_for_followup:71 - Найдено 0 пользователей для дожима
2025-10-13 17:57:04 | INFO     | app.services.followup_service:send_followup_to_all_users:166 - Отправлено 0 дожимов из 0
2025-10-13 17:57:58 | INFO     | __main__:main:23 - Запуск LeadBot...
2025-10-13 17:57:58 | INFO     | __main__:main:24 - Название: ОСНОВА P U T И - LeadBot
2025-10-13 17:57:58 | INFO     | __main__:main:25 - Режим отладки: False
2025-10-13 17:57:58 | INFO     | app.core.database:init_database:86 - База данных успешно инициализирована
2025-10-13 17:57:58 | INFO     | __main__:main:29 - База данных инициализирована
2025-10-13 17:58:00 | INFO     | app.bot.bot:_setup_handlers:35 - Обработчики команд настроены
2025-10-13 17:58:00 | INFO     | __main__:main:38 - Бот запущен: @OsnovaPuti_Lead_bot
2025-10-13 17:58:00 | INFO     | app.core.database:init_database:86 - База данных успешно инициализирована
2025-10-13 17:58:00 | INFO     | app.bot.bot:start:42 - База данных инициализирована
2025-10-13 17:58:00 | INFO     | app.services.scheduler_service:start:41 - Планировщик задач запущен
2025-10-13 17:58:00 | INFO     | app.bot.bot:start:47 - Планировщик задач запущен
2025-10-13 17:58:00 | INFO     | app.bot.bot:start:50 - Запуск Telegram бота...
2025-10-13 17:58:00 | INFO     | app.bot.bot:start:55 - Telegram бот успешно запущен
2025-10-13 17:58:05 | INFO     | app.services.warmup_service:get_users_ready_for_next_message:179 - Найдено 0 пользователей готовых для следующего сообщения прогрева
2025-10-13 17:58:05 | INFO     | app.services.followup_service:get_users_for_followup:71 - Найдено 0 пользователей для дожима
2025-10-13 17:58:05 | INFO     | app.services.followup_service:send_followup_to_all_users:166 - Отправлено 0 дожимов из 0
2025-10-13 17:59:05 | INFO     | app.services.warmup_service:get_users_ready_for_next_message:179 - Найдено 0 пользователей готовых для следующего сообщения прогрева
2025-10-13 17:59:05 | INFO     | app.services.followup_service:get_users_for_followup:71 - Найдено 0 пользователей для дожима
2025-10-13 17:59:05 | INFO     | app.services.followup_service:send_followup_to_all_users:166 - Отправлено 0 дожимов из 0
2025-10-13 18:00:05 | INFO     | app.services.warmup_service:get_users_ready_for_next_message:179 - Найдено 0 пользователей готовых для следующего сообщения прогрева
2025-10-13 18:00:05 | INFO     | app.services.followup_service:get_users_for_followup:71 - Найдено 0 пользователей для дожима
2025-10-13 18:00:05 | INFO     | app.services.followup_service:send_followup_to_all_users:166 - Отправлено 0 дожимов из 0
2025-10-13 18:01:05 | INFO     | app.services.warmup_service:get_users_ready_for_next_message:179 - Найдено 0 пользователей готовых для следующего сообщения прогрева
2025-10-13 18:01:05 | INFO     | app.services.followup_service:get_users_for_followup:71 - Найдено 0 пользователей для дожима
2025-10-13 18:01:05 | INFO     | app.services.followup_service:send_followup_to_all_users:166 - Отправлено 0 дожимов из 0
2025-10-13 18:02:05 | INFO     | app.services.warmup_service:get_users_ready_for_next_message:179 - Найдено 0 пользователей готовых для следующего сообщения прогрева
2025-10-13 18:02:05 | INFO     | app.services.followup_service:get_users_for_followup:71 - Найдено 0 пользователей для дожима
2025-10-13 18:02:05 | INFO     | app.services.followup_service:send_followup_to_all_users:166 - Отправлено 0 дожимов из 0
2025-10-13 18:03:05 | INFO     | app.services.warmup_service:get_users_ready_for_next_message:179 - Найдено 0 пользователей готовых для следующего сообщения прогрева
2025-10-13 18:03:05 | INFO     | app.services.followup_service:get_users_for_followup:71 - Найдено 0 пользователей для дожима
2025-10-13 18:03:05 | INFO     | app.services.followup_service:send_followup_to_all_users:166 - Отправлено 0 дожимов из 0
2025-10-13 18:04:05 | INFO     | app.services.warmup_service:get_users_ready_for_next_message:179 - Найдено 0 пользователей готовых для следующего сообщения прогрева
2025-10-13 18:04:05 | INFO     | app.services.followup_service:get_users_for_followup:71 - Найдено 0 пользователей для дожима
2025-10-13 18:04:05 | INFO     | app.services.followup_service:send_followup_to_all_users:166 - Отправлено 0 дожимов из 0
2025-10-13 18:05:05 | INFO     | app.services.warmup_service:get_users_ready_for_next_message:179 - Найдено 0 пользователей готовых для следующего сообщения прогрева
2025-10-13 18:05:05 | INFO     | app.services.followup_service:get_users_for_followup:71 - Найдено 0 пользователей для дожима
2025-10-13 18:05:05 | INFO     | app.services.followup_service:send_followup_to_all_users:166 - Отправлено 0 дожимов из 0
2025-10-13 18:06:05 | INFO     | app.services.warmup_service:get_users_ready_for_next_message:179 - Найдено 0 пользователей готовых для следующего сообщения прогрева
2025-10-13 18:06:05 | INFO     | app.services.followup_service:get_users_for_followup:71 - Найдено 0 пользователей для дожима
2025-10-13 18:06:05 | INFO     | app.services.followup_service:send_followup_to_all_users:166 - Отправлено 0 дожимов из 0
2025-10-13 18:06:23 | INFO     | app.bot.handlers.admin_simple:admin_command_handler:57 - Админ-панель открыта пользователем 1670311707
2025-10-13 18:06:24 | INFO     | app.services.warmup_service:get_active_warmup_users:405 - Получено 0 валидных активных прогрева
2025-10-13 18:06:24 | INFO     | app.services.warmup_service:get_all_scenarios:367 - Получено 2 сценариев прогрева
2025-10-13 18:06:24 | INFO     | app.services.warmup_service:get_active_warmup_users:405 - Получено 0 валидных активных прогрева
2025-10-13 18:07:05 | INFO     | app.services.warmup_service:get_users_ready_for_next_message:179 - Найдено 0 пользователей готовых для следующего сообщения прогрева
2025-10-13 18:07:05 | INFO     | app.services.followup_service:get_users_for_followup:71 - Найдено 0 пользователей для дожима
2025-10-13 18:07:05 | INFO     | app.services.followup_service:send_followup_to_all_users:166 - Отправлено 0 дожимов из 0
2025-10-13 18:08:05 | INFO     | app.services.warmup_service:get_users_ready_for_next_message:179 - Найдено 0 пользователей готовых для следующего сообщения прогрева
2025-10-13 18:08:05 | INFO     | app.services.followup_service:get_users_for_followup:71 - Найдено 0 пользователей для дожима
2025-10-13 18:08:05 | INFO     | app.services.followup_service:send_followup_to_all_users:166 - Отправлено 0 дожимов из 0
2025-10-13 18:08:45 | INFO     | app.services.warmup_service:get_all_scenarios:367 - Получено 2 сценариев прогрева
2025-10-13 18:08:45 | INFO     | app.services.warmup_service:get_active_warmup_users:405 - Получено 0 валидных активных прогрева
2025-10-13 18:08:55 | ERROR    | app.core.database:get_db_session:73 - Ошибка в сессии базы данных: Message is not modified: specified new message content and reply markup are exactly the same as a current content and reply markup of the message
2025-10-13 18:08:55 | ERROR    | app.bot.handlers.admin_simple:edit_scenario_handler:440 - Ошибка редактирования сценария: Message is not modified: specified new message content and reply markup are exactly the same as a current content and reply markup of the message
2025-10-13 18:09:02 | INFO     | app.bot.handlers.admin_simple:admin_command_handler:57 - Админ-панель открыта пользователем 1670311707
2025-10-13 18:09:05 | INFO     | app.services.warmup_service:get_users_ready_for_next_message:179 - Найдено 0 пользователей готовых для следующего сообщения прогрева
2025-10-13 18:09:05 | INFO     | app.services.followup_service:get_users_for_followup:71 - Найдено 0 пользователей для дожима
2025-10-13 18:09:05 | INFO     | app.services.followup_service:send_followup_to_all_users:166 - Отправлено 0 дожимов из 0
2025-10-13 18:09:06 | INFO     | app.services.warmup_service:get_all_scenarios:367 - Получено 2 сценариев прогрева
2025-10-13 18:09:06 | INFO     | app.services.warmup_service:get_active_warmup_users:405 - Получено 0 валидных активных прогрева
2025-10-13 18:09:09 | ERROR    | app.core.database:get_db_session:73 - Ошибка в сессии базы данных: Message is not modified: specified new message content and reply markup are exactly the same as a current content and reply markup of the message
2025-10-13 18:09:09 | ERROR    | app.bot.handlers.admin_simple:edit_scenario_handler:440 - Ошибка редактирования сценария: Message is not modified: specified new message content and reply markup are exactly the same as a current content and reply markup of the message
2025-10-13 18:10:05 | INFO     | app.services.warmup_service:get_users_ready_for_next_message:179 - Найдено 0 пользователей готовых для следующего сообщения прогрева
2025-10-13 18:10:05 | INFO     | app.services.followup_service:get_users_for_followup:71 - Найдено 0 пользователей для дожима
2025-10-13 18:10:05 | INFO     | app.services.followup_service:send_followup_to_all_users:166 - Отправлено 0 дожимов из 0
2025-10-13 18:10:18 | INFO     | app.bot.handlers.admin_simple:admin_command_handler:57 - Админ-панель открыта пользователем 1670311707
2025-10-13 18:10:19 | INFO     | app.services.warmup_service:get_all_scenarios:367 - Получено 2 сценариев прогрева
2025-10-13 18:10:19 | INFO     | app.services.warmup_service:get_active_warmup_users:405 - Получено 0 валидных активных прогрева
2025-10-13 18:10:30 | ERROR    | app.bot.handlers.admin_manage:text_input_handler:545 - Ошибка обработки текстового ввода: name 'action' is not defined
2025-10-13 18:10:34 | INFO     | app.bot.handlers.admin_simple:admin_command_handler:57 - Админ-панель открыта пользователем 1670311707
2025-10-13 18:10:35 | INFO     | app.services.warmup_service:get_all_scenarios:367 - Получено 2 сценариев прогрева
2025-10-13 18:10:35 | INFO     | app.services.warmup_service:get_active_warmup_users:405 - Получено 0 валидных активных прогрева
2025-10-13 18:11:05 | INFO     | app.services.warmup_service:get_users_ready_for_next_message:179 - Найдено 0 пользователей готовых для следующего сообщения прогрева
2025-10-13 18:11:05 | INFO     | app.services.followup_service:get_users_for_followup:71 - Найдено 0 пользователей для дожима
2025-10-13 18:11:05 | INFO     | app.services.followup_service:send_followup_to_all_users:166 - Отправлено 0 дожимов из 0
2025-10-13 18:12:05 | INFO     | app.services.warmup_service:get_users_ready_for_next_message:179 - Найдено 0 пользователей готовых для следующего сообщения прогрева
2025-10-13 18:12:05 | INFO     | app.services.followup_service:get_users_for_followup:71 - Найдено 0 пользователей для дожима
2025-10-13 18:12:05 | INFO     | app.services.followup_service:send_followup_to_all_users:166 - Отправлено 0 дожимов из 0
2025-10-13 18:13:06 | INFO     | app.services.warmup_service:get_users_ready_for_next_message:179 - Найдено 0 пользователей готовых для следующего сообщения прогрева
2025-10-13 18:13:06 | INFO     | app.services.followup_service:get_users_for_followup:71 - Найдено 0 пользователей для дожима
2025-10-13 18:13:06 | INFO     | app.services.followup_service:send_followup_to_all_users:166 - Отправлено 0 дожимов из 0
